app/(employee)/index.tsx(1,8): error TS1259: Module '"C:/Users/mriya/OneDrive/Desktop/infiAp_HRMS/infApHRMS/node_modules/@types/react/index"' can only be default-imported using the 'esModuleInterop' flag
app/(employee)/index.tsx(26,5): error TS17004: Cannot use JSX unless the '--jsx' flag is provided.
app/(employee)/index.tsx(27,7): error TS17004: Cannot use JSX unless the '--jsx' flag is provided.
app/(employee)/index.tsx(28,9): error TS17004: Cannot use JSX unless the '--jsx' flag is provided.
app/(employee)/index.tsx(35,9): error TS17004: Cannot use JSX unless the '--jsx' flag is provided.
app/(employee)/index.tsx(37,7): error TS17004: Cannot use JSX unless the '--jsx' flag is provided.
app/(employee)/index.tsx(38,7): error TS17004: Cannot use JSX unless the '--jsx' flag is provided.
app/(employee)/index.tsx(83,5): error TS17004: Cannot use JSX unless the '--jsx' flag is provided.
app/(employee)/index.tsx(84,7): error TS17004: Cannot use JSX unless the '--jsx' flag is provided.
app/(employee)/index.tsx(85,9): error TS17004: Cannot use JSX unless the '--jsx' flag is provided.
app/(employee)/index.tsx(86,11): error TS17004: Cannot use JSX unless the '--jsx' flag is provided.
app/(employee)/index.tsx(87,13): error TS17004: Cannot use JSX unless the '--jsx' flag is provided.
app/(employee)/index.tsx(91,11): error TS17004: Cannot use JSX unless the '--jsx' flag is provided.
app/(employee)/index.tsx(92,13): error TS17004: Cannot use JSX unless the '--jsx' flag is provided.
app/(employee)/index.tsx(97,7): error TS17004: Cannot use JSX unless the '--jsx' flag is provided.
app/(employee)/index.tsx(98,9): error TS17004: Cannot use JSX unless the '--jsx' flag is provided.
app/(employee)/index.tsx(99,11): error TS17004: Cannot use JSX unless the '--jsx' flag is provided.
app/(employee)/index.tsx(100,11): error TS17004: Cannot use JSX unless the '--jsx' flag is provided.
app/(employee)/index.tsx(102,9): error TS17004: Cannot use JSX unless the '--jsx' flag is provided.
app/(employee)/index.tsx(103,11): error TS17004: Cannot use JSX unless the '--jsx' flag is provided.
app/(employee)/index.tsx(104,11): error TS17004: Cannot use JSX unless the '--jsx' flag is provided.
app/(employee)/index.tsx(114,5): error TS17004: Cannot use JSX unless the '--jsx' flag is provided.
app/(employee)/index.tsx(115,7): error TS17004: Cannot use JSX unless the '--jsx' flag is provided.
app/(employee)/index.tsx(116,9): error TS17004: Cannot use JSX unless the '--jsx' flag is provided.
app/(employee)/index.tsx(119,11): error TS17004: Cannot use JSX unless the '--jsx' flag is provided.
app/(employee)/index.tsx(120,13): error TS17004: Cannot use JSX unless the '--jsx' flag is provided.
app/(employee)/index.tsx(121,15): error TS17004: Cannot use JSX unless the '--jsx' flag is provided.
app/(employee)/index.tsx(122,17): error TS17004: Cannot use JSX unless the '--jsx' flag is provided.
app/(employee)/index.tsx(124,15): error TS17004: Cannot use JSX unless the '--jsx' flag is provided.
app/(employee)/index.tsx(126,13): error TS17004: Cannot use JSX unless the '--jsx' flag is provided.
app/(employee)/index.tsx(127,15): error TS17004: Cannot use JSX unless the '--jsx' flag is provided.
app/(employee)/index.tsx(132,11): error TS17004: Cannot use JSX unless the '--jsx' flag is provided.
app/(employee)/index.tsx(133,13): error TS17004: Cannot use JSX unless the '--jsx' flag is provided.
app/(employee)/index.tsx(134,15): error TS17004: Cannot use JSX unless the '--jsx' flag is provided.
app/(employee)/index.tsx(136,13): error TS17004: Cannot use JSX unless the '--jsx' flag is provided.
app/(employee)/index.tsx(137,13): error TS17004: Cannot use JSX unless the '--jsx' flag is provided.
app/(employee)/index.tsx(140,13): error TS17004: Cannot use JSX unless the '--jsx' flag is provided.
app/(employee)/index.tsx(141,15): error TS17004: Cannot use JSX unless the '--jsx' flag is provided.
app/(employee)/index.tsx(142,15): error TS17004: Cannot use JSX unless the '--jsx' flag is provided.
app/(employee)/index.tsx(147,11): error TS17004: Cannot use JSX unless the '--jsx' flag is provided.
app/(employee)/index.tsx(148,11): error TS17004: Cannot use JSX unless the '--jsx' flag is provided.
app/(employee)/index.tsx(151,11): error TS17004: Cannot use JSX unless the '--jsx' flag is provided.
app/(employee)/index.tsx(152,13): error TS17004: Cannot use JSX unless the '--jsx' flag is provided.
app/(employee)/index.tsx(153,13): error TS17004: Cannot use JSX unless the '--jsx' flag is provided.
app/(employee)/index.tsx(154,15): error TS17004: Cannot use JSX unless the '--jsx' flag is provided.
app/(employee)/index.tsx(158,11): error TS17004: Cannot use JSX unless the '--jsx' flag is provided.
app/(employee)/index.tsx(159,13): error TS17004: Cannot use JSX unless the '--jsx' flag is provided.
app/(employee)/index.tsx(160,13): error TS17004: Cannot use JSX unless the '--jsx' flag is provided.
app/(employee)/index.tsx(161,13): error TS17004: Cannot use JSX unless the '--jsx' flag is provided.
app/(employee)/index.tsx(162,13): error TS17004: Cannot use JSX unless the '--jsx' flag is provided.
app/(employee)/index.tsx(163,15): error TS17004: Cannot use JSX unless the '--jsx' flag is provided.
app/(employee)/index.tsx(164,17): error TS17004: Cannot use JSX unless the '--jsx' flag is provided.
app/(employee)/index.tsx(166,15): error TS17004: Cannot use JSX unless the '--jsx' flag is provided.
app/(employee)/index.tsx(167,15): error TS17004: Cannot use JSX unless the '--jsx' flag is provided.
app/(employee)/index.tsx(171,11): error TS17004: Cannot use JSX unless the '--jsx' flag is provided.
app/(employee)/index.tsx(172,13): error TS17004: Cannot use JSX unless the '--jsx' flag is provided.
app/(employee)/index.tsx(173,15): error TS17004: Cannot use JSX unless the '--jsx' flag is provided.
app/(employee)/index.tsx(174,15): error TS17004: Cannot use JSX unless the '--jsx' flag is provided.
app/(employee)/index.tsx(176,13): error TS17004: Cannot use JSX unless the '--jsx' flag is provided.
app/(employee)/index.tsx(177,15): error TS17004: Cannot use JSX unless the '--jsx' flag is provided.
app/(employee)/index.tsx(178,15): error TS17004: Cannot use JSX unless the '--jsx' flag is provided.
app/(employee)/index.tsx(180,13): error TS17004: Cannot use JSX unless the '--jsx' flag is provided.
app/(employee)/index.tsx(181,15): error TS17004: Cannot use JSX unless the '--jsx' flag is provided.
app/(employee)/index.tsx(182,15): error TS17004: Cannot use JSX unless the '--jsx' flag is provided.
app/(employee)/index.tsx(184,13): error TS17004: Cannot use JSX unless the '--jsx' flag is provided.
app/(employee)/index.tsx(185,15): error TS17004: Cannot use JSX unless the '--jsx' flag is provided.
app/(employee)/index.tsx(186,15): error TS17004: Cannot use JSX unless the '--jsx' flag is provided.
app/(employee)/index.tsx(191,11): error TS17004: Cannot use JSX unless the '--jsx' flag is provided.
app/(employee)/index.tsx(192,11): error TS17004: Cannot use JSX unless the '--jsx' flag is provided.
app/(employee)/index.tsx(193,13): error TS17004: Cannot use JSX unless the '--jsx' flag is provided.
app/(employee)/index.tsx(194,15): error TS17004: Cannot use JSX unless the '--jsx' flag is provided.
app/(employee)/index.tsx(195,17): error TS17004: Cannot use JSX unless the '--jsx' flag is provided.
app/(employee)/index.tsx(197,15): error TS17004: Cannot use JSX unless the '--jsx' flag is provided.
app/(employee)/index.tsx(198,15): error TS17004: Cannot use JSX unless the '--jsx' flag is provided.
app/(employee)/index.tsx(200,13): error TS17004: Cannot use JSX unless the '--jsx' flag is provided.
app/(employee)/index.tsx(201,15): error TS17004: Cannot use JSX unless the '--jsx' flag is provided.
app/(employee)/index.tsx(202,17): error TS17004: Cannot use JSX unless the '--jsx' flag is provided.
app/(employee)/index.tsx(204,15): error TS17004: Cannot use JSX unless the '--jsx' flag is provided.
app/(employee)/index.tsx(205,15): error TS17004: Cannot use JSX unless the '--jsx' flag is provided.
app/(employee)/index.tsx(207,13): error TS17004: Cannot use JSX unless the '--jsx' flag is provided.
app/(employee)/index.tsx(208,15): error TS17004: Cannot use JSX unless the '--jsx' flag is provided.
app/(employee)/index.tsx(209,17): error TS17004: Cannot use JSX unless the '--jsx' flag is provided.
app/(employee)/index.tsx(211,15): error TS17004: Cannot use JSX unless the '--jsx' flag is provided.
app/(employee)/index.tsx(212,15): error TS17004: Cannot use JSX unless the '--jsx' flag is provided.
app/(employee)/index.tsx(217,11): error TS17004: Cannot use JSX unless the '--jsx' flag is provided.
app/(employee)/index.tsx(218,11): error TS17004: Cannot use JSX unless the '--jsx' flag is provided.
app/(employee)/index.tsx(219,13): error TS17004: Cannot use JSX unless the '--jsx' flag is provided.
app/(employee)/index.tsx(220,15): error TS17004: Cannot use JSX unless the '--jsx' flag is provided.
app/(employee)/index.tsx(221,17): error TS17004: Cannot use JSX unless the '--jsx' flag is provided.
app/(employee)/index.tsx(222,17): error TS17004: Cannot use JSX unless the '--jsx' flag is provided.
app/(employee)/index.tsx(224,15): error TS17004: Cannot use JSX unless the '--jsx' flag is provided.
app/(employee)/index.tsx(225,15): error TS17004: Cannot use JSX unless the '--jsx' flag is provided.
app/(employee)/index.tsx(227,13): error TS17004: Cannot use JSX unless the '--jsx' flag is provided.
app/(employee)/index.tsx(228,15): error TS17004: Cannot use JSX unless the '--jsx' flag is provided.
app/(employee)/index.tsx(229,17): error TS17004: Cannot use JSX unless the '--jsx' flag is provided.
app/(employee)/index.tsx(230,17): error TS17004: Cannot use JSX unless the '--jsx' flag is provided.
app/(employee)/index.tsx(232,15): error TS17004: Cannot use JSX unless the '--jsx' flag is provided.
app/(employee)/index.tsx(233,15): error TS17004: Cannot use JSX unless the '--jsx' flag is provided.
app/(employee)/index.tsx(238,11): error TS17004: Cannot use JSX unless the '--jsx' flag is provided.
app/(employee)/index.tsx(239,11): error TS17004: Cannot use JSX unless the '--jsx' flag is provided.
app/(employee)/index.tsx(240,13): error TS17004: Cannot use JSX unless the '--jsx' flag is provided.
app/(employee)/index.tsx(241,15): error TS17004: Cannot use JSX unless the '--jsx' flag is provided.
app/(employee)/index.tsx(242,17): error TS17004: Cannot use JSX unless the '--jsx' flag is provided.
app/(employee)/index.tsx(244,15): error TS17004: Cannot use JSX unless the '--jsx' flag is provided.
app/(employee)/index.tsx(245,17): error TS17004: Cannot use JSX unless the '--jsx' flag is provided.
app/(employee)/index.tsx(246,17): error TS17004: Cannot use JSX unless the '--jsx' flag is provided.
app/(employee)/index.tsx(248,15): error TS17004: Cannot use JSX unless the '--jsx' flag is provided.
app/(employee)/index.tsx(250,13): error TS17004: Cannot use JSX unless the '--jsx' flag is provided.
app/(employee)/index.tsx(251,13): error TS17004: Cannot use JSX unless the '--jsx' flag is provided.
app/(employee)/index.tsx(252,15): error TS17004: Cannot use JSX unless the '--jsx' flag is provided.
app/(employee)/index.tsx(253,17): error TS17004: Cannot use JSX unless the '--jsx' flag is provided.
app/(employee)/index.tsx(255,15): error TS17004: Cannot use JSX unless the '--jsx' flag is provided.
app/(employee)/index.tsx(256,17): error TS17004: Cannot use JSX unless the '--jsx' flag is provided.
app/(employee)/index.tsx(257,17): error TS17004: Cannot use JSX unless the '--jsx' flag is provided.
app/(employee)/index.tsx(259,15): error TS17004: Cannot use JSX unless the '--jsx' flag is provided.
app/(employee)/index.tsx(264,11): error TS17004: Cannot use JSX unless the '--jsx' flag is provided.
app/(employee)/index.tsx(265,13): error TS17004: Cannot use JSX unless the '--jsx' flag is provided.
app/(employee)/index.tsx(266,15): error TS17004: Cannot use JSX unless the '--jsx' flag is provided.
app/(employee)/index.tsx(267,17): error TS17004: Cannot use JSX unless the '--jsx' flag is provided.
app/(employee)/index.tsx(271,17): error TS17004: Cannot use JSX unless the '--jsx' flag is provided.
app/(employee)/index.tsx(272,19): error TS17004: Cannot use JSX unless the '--jsx' flag is provided.
app/(employee)/index.tsx(275,15): error TS17004: Cannot use JSX unless the '--jsx' flag is provided.
app/(employee)/index.tsx(276,17): error TS17004: Cannot use JSX unless the '--jsx' flag is provided.
app/(employee)/index.tsx(277,17): error TS17004: Cannot use JSX unless the '--jsx' flag is provided.
app/(employee)/index.tsx(278,17): error TS17004: Cannot use JSX unless the '--jsx' flag is provided.
app/(employee)/index.tsx(282,13): error TS17004: Cannot use JSX unless the '--jsx' flag is provided.
app/(employee)/index.tsx(286,11): error TS17004: Cannot use JSX unless the '--jsx' flag is provided.
app/(employee)/index.tsx(287,13): error TS17004: Cannot use JSX unless the '--jsx' flag is provided.
app/(employee)/index.tsx(288,15): error TS17004: Cannot use JSX unless the '--jsx' flag is provided.
app/(employee)/index.tsx(289,15): error TS17004: Cannot use JSX unless the '--jsx' flag is provided.
app/(employee)/index.tsx(290,17): error TS17004: Cannot use JSX unless the '--jsx' flag is provided.
app/(employee)/index.tsx(293,13): error TS17004: Cannot use JSX unless the '--jsx' flag is provided.
app/(employee)/index.tsx(294,15): error TS17004: Cannot use JSX unless the '--jsx' flag is provided.
app/(employee)/index.tsx(295,15): error TS17004: Cannot use JSX unless the '--jsx' flag is provided.
app/(employee)/index.tsx(296,15): error TS17004: Cannot use JSX unless the '--jsx' flag is provided.
app/(employee)/index.tsx(297,15): error TS17004: Cannot use JSX unless the '--jsx' flag is provided.
app/(employee)/index.tsx(298,17): error TS17004: Cannot use JSX unless the '--jsx' flag is provided.
app/(employee)/index.tsx(301,13): error TS17004: Cannot use JSX unless the '--jsx' flag is provided.
app/(employee)/index.tsx(304,11): error TS17004: Cannot use JSX unless the '--jsx' flag is provided.
app/(employee)/index.tsx(308,9): error TS17004: Cannot use JSX unless the '--jsx' flag is provided.
app/(employee)/index.tsx(316,13): error TS17004: Cannot use JSX unless the '--jsx' flag is provided.
app/(employee)/index.tsx(322,15): error TS17004: Cannot use JSX unless the '--jsx' flag is provided.
app/(employee)/index.tsx(327,15): error TS17004: Cannot use JSX unless the '--jsx' flag is provided.
app/(employee)/index.tsx(328,31): error TS17004: Cannot use JSX unless the '--jsx' flag is provided.
node_modules/@expo/vector-icons/build/createIconSet.d.ts(1,8): error TS1259: Module '"C:/Users/mriya/OneDrive/Desktop/infiAp_HRMS/infApHRMS/node_modules/@types/react/index"' can only be default-imported using the 'esModuleInterop' flag
node_modules/@expo/vector-icons/build/createIconSet.d.ts(25,18): error TS2320: Interface 'IconButtonProps<GLYPHS>' cannot simultaneously extend types 'IconProps<GLYPHS>' and 'TouchableHighlightProps'.
  Named property 'pressRetentionOffset' of types 'IconProps<GLYPHS>' and 'TouchableHighlightProps' are not identical.
node_modules/@react-navigation/core/lib/typescript/src/StaticNavigation.d.ts(35,27): error TS2315: Type 'StaticParamList' is not generic.
node_modules/@react-navigation/core/lib/typescript/src/StaticNavigation.d.ts(35,137): error TS2315: Type 'StaticParamList' is not generic.
node_modules/@react-navigation/core/lib/typescript/src/StaticNavigation.d.ts(130,13): error TS2456: Type alias 'StaticParamList' circularly references itself.
node_modules/@react-navigation/core/lib/typescript/src/useNavigationBuilder.d.ts(86,136): error TS2344: Type 'Omit<{ dispatch(action: Readonly<{ type: string; payload?: object; source?: string; target?: string; }> | ((state: Readonly<State>) => Readonly<{ type: string; payload?: object; source?: string; target?: string; }>)): void; ... 9 more ...; getState(): State; } & PrivateValueStore<...>, "getParent"> & ... 4 more ... ...' does not satisfy the constraint 'NavigationProp<any, any, any, any, any, any>'.
  Type 'Omit<{ dispatch(action: Readonly<{ type: string; payload?: object; source?: string; target?: string; }> | ((state: Readonly<State>) => Readonly<{ type: string; payload?: object; source?: string; target?: string; }>)): void; ... 9 more ...; getState(): State; } & PrivateValueStore<...>, "getParent"> & ... 4 more ... ...' is not assignable to type 'Omit<NavigationHelpersCommon<any, any>, "getParent">'.
    Types of property 'preload' are incompatible.
      Type '<RouteName extends string>(...args: RouteName extends unknown ? [screen: RouteName, params?: object] : never) => void' is not assignable to type '<RouteName extends string | number | symbol>(...args: RouteName extends unknown ? [screen: RouteName, params?: any] : never) => void'.
        Types of parameters 'screen' and 'args' are incompatible.
          Type 'RouteName extends unknown ? [screen: RouteName, params?: any] : never' is not assignable to type '[screen: string, params?: object]'.
            Type '[screen: string, params?: any] | [screen: number, params?: any] | [screen: symbol, params?: any]' is not assignable to type '[screen: string, params?: object]'.
              Type '[screen: number, params?: any]' is not assignable to type '[screen: string, params?: object]'.
                Type at position 0 in source is not compatible with type at position 0 in target.
                  Type 'number' is not assignable to type 'string'.
node_modules/@react-navigation/core/lib/typescript/src/useNavigationBuilder.d.ts(138,77): error TS2344: Type 'Omit<{ dispatch(action: Readonly<{ type: string; payload?: object; source?: string; target?: string; }> | ((state: Readonly<State>) => Readonly<{ type: string; payload?: object; source?: string; target?: string; }>)): void; ... 9 more ...; getState(): State; } & PrivateValueStore<...>, "getParent"> & ... 4 more ... ...' does not satisfy the constraint 'NavigationProp<any, any, any, any, any, any>'.
  Type 'Omit<{ dispatch(action: Readonly<{ type: string; payload?: object; source?: string; target?: string; }> | ((state: Readonly<State>) => Readonly<{ type: string; payload?: object; source?: string; target?: string; }>)): void; ... 9 more ...; getState(): State; } & PrivateValueStore<...>, "getParent"> & ... 4 more ... ...' is not assignable to type 'Omit<NavigationHelpersCommon<any, any>, "getParent">'.
    Types of property 'preload' are incompatible.
      Type '<RouteName extends string>(...args: RouteName extends unknown ? [screen: RouteName, params?: object] : never) => void' is not assignable to type '<RouteName extends string | number | symbol>(...args: RouteName extends unknown ? [screen: RouteName, params?: any] : never) => void'.
        Types of parameters 'screen' and 'args' are incompatible.
          Type 'RouteName extends unknown ? [screen: RouteName, params?: any] : never' is not assignable to type '[screen: string, params?: object]'.
            Type '[screen: string, params?: any] | [screen: number, params?: any] | [screen: symbol, params?: any]' is not assignable to type '[screen: string, params?: object]'.
              Type '[screen: number, params?: any]' is not assignable to type '[screen: string, params?: object]'.
                Type at position 0 in source is not compatible with type at position 0 in target.
                  Type 'number' is not assignable to type 'string'.
node_modules/@react-navigation/native-stack/lib/typescript/src/types.d.ts(3,58): error TS2305: Module '"react-native-screens"' has no exported member 'ScrollEdgeEffect'.
node_modules/@types/node/module.d.ts(742,13): error TS2403: Subsequent variable declarations must have the same type.  Variable 'require' must be of type 'NodeRequire', but here has type 'Require'.
node_modules/expo-router/build/ExpoRoot.d.ts(1,8): error TS1259: Module '"C:/Users/mriya/OneDrive/Desktop/infiAp_HRMS/infApHRMS/node_modules/@types/react/index"' can only be default-imported using the 'esModuleInterop' flag
node_modules/expo-router/build/layouts/TabsClient.d.ts(3,8): error TS1259: Module '"C:/Users/mriya/OneDrive/Desktop/infiAp_HRMS/infApHRMS/node_modules/@types/react/index"' can only be default-imported using the 'esModuleInterop' flag
node_modules/expo-router/build/layouts/TabsClient.d.ts(16,210): error TS2344: Type 'unknown' does not satisfy the constraint 'boolean'.
node_modules/expo-router/build/layouts/TabsClient.d.ts(17,216): error TS2344: Type 'unknown' does not satisfy the constraint 'boolean'.
node_modules/expo-router/build/layouts/TabsClient.d.ts(18,212): error TS2344: Type 'unknown' does not satisfy the constraint 'boolean'.
node_modules/expo-router/build/layouts/TabsClient.d.ts(19,196): error TS2344: Type 'unknown' does not satisfy the constraint 'boolean'.
node_modules/expo-router/build/layouts/TabsClient.d.ts(20,194): error TS2344: Type 'unknown' does not satisfy the constraint 'boolean'.
node_modules/expo-router/build/layouts/TabsClient.d.ts(21,196): error TS2344: Type 'unknown' does not satisfy the constraint 'boolean'.
node_modules/expo-router/build/layouts/TabsClient.d.ts(28,210): error TS2344: Type 'unknown' does not satisfy the constraint 'boolean'.
node_modules/expo-router/build/layouts/TabsClient.d.ts(29,216): error TS2344: Type 'unknown' does not satisfy the constraint 'boolean'.
node_modules/expo-router/build/layouts/TabsClient.d.ts(30,212): error TS2344: Type 'unknown' does not satisfy the constraint 'boolean'.
node_modules/expo-router/build/layouts/TabsClient.d.ts(31,196): error TS2344: Type 'unknown' does not satisfy the constraint 'boolean'.
node_modules/expo-router/build/layouts/TabsClient.d.ts(32,194): error TS2344: Type 'unknown' does not satisfy the constraint 'boolean'.
node_modules/expo-router/build/layouts/TabsClient.d.ts(33,196): error TS2344: Type 'unknown' does not satisfy the constraint 'boolean'.
node_modules/expo-router/build/layouts/TabsClient.d.ts(65,210): error TS2344: Type 'unknown' does not satisfy the constraint 'boolean'.
node_modules/expo-router/build/layouts/TabsClient.d.ts(66,216): error TS2344: Type 'unknown' does not satisfy the constraint 'boolean'.
node_modules/expo-router/build/layouts/TabsClient.d.ts(67,212): error TS2344: Type 'unknown' does not satisfy the constraint 'boolean'.
node_modules/expo-router/build/layouts/TabsClient.d.ts(68,196): error TS2344: Type 'unknown' does not satisfy the constraint 'boolean'.
node_modules/expo-router/build/layouts/TabsClient.d.ts(69,194): error TS2344: Type 'unknown' does not satisfy the constraint 'boolean'.
node_modules/expo-router/build/layouts/TabsClient.d.ts(70,196): error TS2344: Type 'unknown' does not satisfy the constraint 'boolean'.
node_modules/expo-router/build/layouts/TabsClient.d.ts(77,210): error TS2344: Type 'unknown' does not satisfy the constraint 'boolean'.
node_modules/expo-router/build/layouts/TabsClient.d.ts(78,216): error TS2344: Type 'unknown' does not satisfy the constraint 'boolean'.
node_modules/expo-router/build/layouts/TabsClient.d.ts(79,212): error TS2344: Type 'unknown' does not satisfy the constraint 'boolean'.
node_modules/expo-router/build/layouts/TabsClient.d.ts(80,196): error TS2344: Type 'unknown' does not satisfy the constraint 'boolean'.
node_modules/expo-router/build/layouts/TabsClient.d.ts(81,194): error TS2344: Type 'unknown' does not satisfy the constraint 'boolean'.
node_modules/expo-router/build/layouts/TabsClient.d.ts(82,196): error TS2344: Type 'unknown' does not satisfy the constraint 'boolean'.
node_modules/expo-router/build/layouts/TabsClient.d.ts(109,210): error TS2344: Type 'unknown' does not satisfy the constraint 'boolean'.
node_modules/expo-router/build/layouts/TabsClient.d.ts(110,216): error TS2344: Type 'unknown' does not satisfy the constraint 'boolean'.
node_modules/expo-router/build/layouts/TabsClient.d.ts(111,212): error TS2344: Type 'unknown' does not satisfy the constraint 'boolean'.
node_modules/expo-router/build/layouts/TabsClient.d.ts(112,196): error TS2344: Type 'unknown' does not satisfy the constraint 'boolean'.
node_modules/expo-router/build/layouts/TabsClient.d.ts(113,194): error TS2344: Type 'unknown' does not satisfy the constraint 'boolean'.
node_modules/expo-router/build/layouts/TabsClient.d.ts(114,196): error TS2344: Type 'unknown' does not satisfy the constraint 'boolean'.
node_modules/expo-router/build/layouts/TabsClient.d.ts(121,210): error TS2344: Type 'unknown' does not satisfy the constraint 'boolean'.
node_modules/expo-router/build/layouts/TabsClient.d.ts(122,216): error TS2344: Type 'unknown' does not satisfy the constraint 'boolean'.
node_modules/expo-router/build/layouts/TabsClient.d.ts(123,212): error TS2344: Type 'unknown' does not satisfy the constraint 'boolean'.
node_modules/expo-router/build/layouts/TabsClient.d.ts(124,196): error TS2344: Type 'unknown' does not satisfy the constraint 'boolean'.
node_modules/expo-router/build/layouts/TabsClient.d.ts(125,194): error TS2344: Type 'unknown' does not satisfy the constraint 'boolean'.
node_modules/expo-router/build/layouts/TabsClient.d.ts(126,196): error TS2344: Type 'unknown' does not satisfy the constraint 'boolean'.
node_modules/expo-router/build/link/elements.d.ts(1,8): error TS1259: Module '"C:/Users/mriya/OneDrive/Desktop/infiAp_HRMS/infApHRMS/node_modules/@types/react/index"' can only be default-imported using the 'esModuleInterop' flag
node_modules/expo-router/build/useScreens.d.ts(2,8): error TS1259: Module '"C:/Users/mriya/OneDrive/Desktop/infiAp_HRMS/infApHRMS/node_modules/@types/react/index"' can only be default-imported using the 'esModuleInterop' flag
node_modules/expo-router/build/views/Sitemap.d.ts(2,8): error TS1259: Module '"C:/Users/mriya/OneDrive/Desktop/infiAp_HRMS/infApHRMS/node_modules/@types/react/index"' can only be default-imported using the 'esModuleInterop' flag
node_modules/expo-router/build/views/Try.d.ts(1,8): error TS1259: Module '"C:/Users/mriya/OneDrive/Desktop/infiAp_HRMS/infApHRMS/node_modules/@types/react/index"' can only be default-imported using the 'esModuleInterop' flag
node_modules/expo-router/build/views/Unmatched.d.ts(1,8): error TS1259: Module '"C:/Users/mriya/OneDrive/Desktop/infiAp_HRMS/infApHRMS/node_modules/@types/react/index"' can only be default-imported using the 'esModuleInterop' flag
node_modules/react-native-gesture-handler/lib/typescript/components/Pressable/Pressable.d.ts(1,8): error TS1259: Module '"C:/Users/mriya/OneDrive/Desktop/infiAp_HRMS/infApHRMS/node_modules/@types/react/index"' can only be default-imported using the 'esModuleInterop' flag
node_modules/react-native-gesture-handler/lib/typescript/components/Text.d.ts(1,8): error TS1259: Module '"C:/Users/mriya/OneDrive/Desktop/infiAp_HRMS/infApHRMS/node_modules/@types/react/index"' can only be default-imported using the 'esModuleInterop' flag
node_modules/react-native-gesture-handler/lib/typescript/handlers/ForceTouchGestureHandler.d.ts(1,8): error TS1259: Module '"C:/Users/mriya/OneDrive/Desktop/infiAp_HRMS/infApHRMS/node_modules/@types/react/index"' can only be default-imported using the 'esModuleInterop' flag
node_modules/react-native-gesture-handler/lib/typescript/handlers/gestures/GestureDetector/index.d.ts(1,8): error TS1259: Module '"C:/Users/mriya/OneDrive/Desktop/infiAp_HRMS/infApHRMS/node_modules/@types/react/index"' can only be default-imported using the 'esModuleInterop' flag
node_modules/react-native-reanimated/lib/typescript/component/ScrollView.d.ts(2,8): error TS1259: Module '"C:/Users/mriya/OneDrive/Desktop/infiAp_HRMS/infApHRMS/node_modules/@types/react/index"' can only be default-imported using the 'esModuleInterop' flag
node_modules/react-native-reanimated/lib/typescript/createAnimatedComponent/AnimatedComponent.d.ts(2,13): error TS1259: Module '"C:/Users/mriya/OneDrive/Desktop/infiAp_HRMS/infApHRMS/node_modules/@types/react/index"' can only be default-imported using the 'esModuleInterop' flag
node_modules/react-native-reanimated/lib/typescript/jestUtils.d.ts(1,40): error TS2307: Cannot find module 'react-test-renderer' or its corresponding type declarations.
node_modules/react-native-screens/lib/typescript/components/bottom-tabs/BottomTabs.d.ts(1,8): error TS1259: Module '"C:/Users/mriya/OneDrive/Desktop/infiAp_HRMS/infApHRMS/node_modules/@types/react/index"' can only be default-imported using the 'esModuleInterop' flag
node_modules/react-native-screens/lib/typescript/components/bottom-tabs/BottomTabsScreen.d.ts(1,8): error TS1259: Module '"C:/Users/mriya/OneDrive/Desktop/infiAp_HRMS/infApHRMS/node_modules/@types/react/index"' can only be default-imported using the 'esModuleInterop' flag
node_modules/react-native-screens/lib/typescript/components/FullWindowOverlay.d.ts(1,8): error TS1259: Module '"C:/Users/mriya/OneDrive/Desktop/infiAp_HRMS/infApHRMS/node_modules/@types/react/index"' can only be default-imported using the 'esModuleInterop' flag
node_modules/react-native-screens/lib/typescript/components/gamma/ScreenStackHost.d.ts(1,8): error TS1259: Module '"C:/Users/mriya/OneDrive/Desktop/infiAp_HRMS/infApHRMS/node_modules/@types/react/index"' can only be default-imported using the 'esModuleInterop' flag
node_modules/react-native-screens/lib/typescript/components/gamma/SplitViewHost.d.ts(1,8): error TS1259: Module '"C:/Users/mriya/OneDrive/Desktop/infiAp_HRMS/infApHRMS/node_modules/@types/react/index"' can only be default-imported using the 'esModuleInterop' flag
node_modules/react-native-screens/lib/typescript/components/gamma/SplitViewScreen.d.ts(1,8): error TS1259: Module '"C:/Users/mriya/OneDrive/Desktop/infiAp_HRMS/infApHRMS/node_modules/@types/react/index"' can only be default-imported using the 'esModuleInterop' flag
node_modules/react-native-screens/lib/typescript/components/gamma/StackScreen.d.ts(1,8): error TS1259: Module '"C:/Users/mriya/OneDrive/Desktop/infiAp_HRMS/infApHRMS/node_modules/@types/react/index"' can only be default-imported using the 'esModuleInterop' flag
node_modules/react-native-screens/lib/typescript/components/Screen.d.ts(1,8): error TS1259: Module '"C:/Users/mriya/OneDrive/Desktop/infiAp_HRMS/infApHRMS/node_modules/@types/react/index"' can only be default-imported using the 'esModuleInterop' flag
node_modules/react-native-screens/lib/typescript/components/ScreenContainer.d.ts(1,8): error TS1259: Module '"C:/Users/mriya/OneDrive/Desktop/infiAp_HRMS/infApHRMS/node_modules/@types/react/index"' can only be default-imported using the 'esModuleInterop' flag
node_modules/react-native-screens/lib/typescript/components/ScreenContentWrapper.d.ts(1,8): error TS1259: Module '"C:/Users/mriya/OneDrive/Desktop/infiAp_HRMS/infApHRMS/node_modules/@types/react/index"' can only be default-imported using the 'esModuleInterop' flag
node_modules/react-native-screens/lib/typescript/components/ScreenFooter.d.ts(1,8): error TS1259: Module '"C:/Users/mriya/OneDrive/Desktop/infiAp_HRMS/infApHRMS/node_modules/@types/react/index"' can only be default-imported using the 'esModuleInterop' flag
node_modules/react-native-screens/lib/typescript/components/ScreenStack.d.ts(1,8): error TS1259: Module '"C:/Users/mriya/OneDrive/Desktop/infiAp_HRMS/infApHRMS/node_modules/@types/react/index"' can only be default-imported using the 'esModuleInterop' flag
node_modules/react-native-screens/lib/typescript/components/ScreenStackHeaderConfig.d.ts(1,8): error TS1259: Module '"C:/Users/mriya/OneDrive/Desktop/infiAp_HRMS/infApHRMS/node_modules/@types/react/index"' can only be default-imported using the 'esModuleInterop' flag
node_modules/react-native-screens/lib/typescript/components/ScreenStackHeaderConfig.d.ts(7,79): error TS2503: Cannot find namespace 'JSX'.
node_modules/react-native-screens/lib/typescript/components/ScreenStackHeaderConfig.d.ts(8,72): error TS2503: Cannot find namespace 'JSX'.
node_modules/react-native-screens/lib/typescript/components/ScreenStackHeaderConfig.d.ts(9,71): error TS2503: Cannot find namespace 'JSX'.
node_modules/react-native-screens/lib/typescript/components/ScreenStackHeaderConfig.d.ts(10,73): error TS2503: Cannot find namespace 'JSX'.
node_modules/react-native-screens/lib/typescript/components/ScreenStackHeaderConfig.d.ts(11,76): error TS2503: Cannot find namespace 'JSX'.
node_modules/react-native-screens/lib/typescript/components/SearchBar.d.ts(1,8): error TS1259: Module '"C:/Users/mriya/OneDrive/Desktop/infiAp_HRMS/infApHRMS/node_modules/@types/react/index"' can only be default-imported using the 'esModuleInterop' flag
node_modules/react-native-screens/lib/typescript/native-stack/types.d.ts(72,155): error TS2344: Type 'StackNavigationState<ParamList>' does not satisfy the constraint 'string'.
node_modules/react-native-screens/lib/typescript/native-stack/types.d.ts(537,41): error TS2314: Generic type 'DefaultNavigatorOptions' requires 6 type argument(s).
node_modules/react-native-screens/lib/typescript/native-stack/types.d.ts(541,37): error TS2314: Generic type 'Descriptor' requires 3 type argument(s).
node_modules/react-native-screens/lib/typescript/types.d.ts(1,8): error TS1259: Module '"C:/Users/mriya/OneDrive/Desktop/infiAp_HRMS/infApHRMS/node_modules/@types/react/index"' can only be default-imported using the 'esModuleInterop' flag
node_modules/react-native/src/types/globals.d.ts(10,1): error TS6200: Definitions of the following identifiers conflict with those in another file: EndingType, BlobPart, BufferSource, FormData, RequestInfo, XMLHttpRequestResponseType, AbortSignal, AbortController
node_modules/react-native/src/types/globals.d.ts(166,7): error TS2403: Subsequent variable declarations must have the same type.  Variable 'Blob' must be of type '{ new (blobParts?: BlobPart[], options?: BlobPropertyBag): Blob; prototype: Blob; }', but here has type '{ new (blobParts?: (string | Blob)[], options?: BlobOptions): Blob; prototype: Blob; }'.
node_modules/react-native/src/types/globals.d.ts(180,7): error TS2403: Subsequent variable declarations must have the same type.  Variable 'File' must be of type '{ new (fileBits: BlobPart[], fileName: string, options?: FilePropertyBag): File; prototype: File; }', but here has type '{ new (fileParts: BlobPart[], name: string, options?: FilePropertyBag): File; prototype: File; }'.
node_modules/react-native/src/types/globals.d.ts(266,5): error TS2717: Subsequent property declarations must have the same type.  Property 'body' must be of type 'BodyInit', but here has type 'BodyInit_'.
node_modules/react-native/src/types/globals.d.ts(275,5): error TS2717: Subsequent property declarations must have the same type.  Property 'signal' must be of type 'AbortSignal', but here has type 'AbortSignal'.
node_modules/react-native/src/types/globals.d.ts(285,14): error TS2717: Subsequent property declarations must have the same type.  Property 'signal' must be of type 'AbortSignal', but here has type 'AbortSignal'.
node_modules/react-native/src/types/globals.d.ts(289,7): error TS2403: Subsequent variable declarations must have the same type.  Variable 'Request' must be of type '{ new (input: RequestInfo | URL, init?: RequestInit): Request; prototype: Request; }', but here has type '{ new (input: string | Request, init?: RequestInit): Request; prototype: Request; }'.
node_modules/react-native/src/types/globals.d.ts(313,7): error TS2403: Subsequent variable declarations must have the same type.  Variable 'Response' must be of type '{ new (body?: BodyInit, init?: ResponseInit): Response; prototype: Response; error(): Response; json(data: any, init?: ResponseInit): Response; redirect(url: string | URL, status?: number): Response; }', but here has type '{ new (body?: BodyInit_, init?: ResponseInit): Response; prototype: Response; error(): Response; json(data: any, init?: ResponseInit): Response; redirect: (url: string | URL, status?: number) => Response; }'.
node_modules/react-native/src/types/globals.d.ts(398,5): error TS2717: Subsequent property declarations must have the same type.  Property 'abort' must be of type 'ProgressEvent<XMLHttpRequestEventTarget>', but here has type 'ProgressEvent<EventTarget>'.
node_modules/react-native/src/types/globals.d.ts(399,5): error TS2717: Subsequent property declarations must have the same type.  Property 'error' must be of type 'ProgressEvent<XMLHttpRequestEventTarget>', but here has type 'ProgressEvent<EventTarget>'.
node_modules/react-native/src/types/globals.d.ts(400,5): error TS2717: Subsequent property declarations must have the same type.  Property 'load' must be of type 'ProgressEvent<XMLHttpRequestEventTarget>', but here has type 'ProgressEvent<EventTarget>'.
node_modules/react-native/src/types/globals.d.ts(401,5): error TS2717: Subsequent property declarations must have the same type.  Property 'loadend' must be of type 'ProgressEvent<XMLHttpRequestEventTarget>', but here has type 'ProgressEvent<EventTarget>'.
node_modules/react-native/src/types/globals.d.ts(402,5): error TS2717: Subsequent property declarations must have the same type.  Property 'loadstart' must be of type 'ProgressEvent<XMLHttpRequestEventTarget>', but here has type 'ProgressEvent<EventTarget>'.
node_modules/react-native/src/types/globals.d.ts(403,5): error TS2717: Subsequent property declarations must have the same type.  Property 'progress' must be of type 'ProgressEvent<XMLHttpRequestEventTarget>', but here has type 'ProgressEvent<EventTarget>'.
node_modules/react-native/src/types/globals.d.ts(404,5): error TS2717: Subsequent property declarations must have the same type.  Property 'timeout' must be of type 'ProgressEvent<XMLHttpRequestEventTarget>', but here has type 'ProgressEvent<EventTarget>'.
node_modules/react-native/src/types/globals.d.ts(471,7): error TS2403: Subsequent variable declarations must have the same type.  Variable 'URL' must be of type '{ new (url: string | URL, base?: string | URL): URL; prototype: URL; canParse(url: string | URL, base?: string | URL): boolean; createObjectURL(obj: Blob | MediaSource): string; parse(url: string | URL, base?: string | URL): URL; revokeObjectURL(url: string): void; }', but here has type '{ new (url: string | URL, base?: string | URL): URL; prototype: URL; createObjectURL(obj: Blob): string; revokeObjectURL(url: string): void; }'.
node_modules/react-native/src/types/globals.d.ts(534,5): error TS2717: Subsequent property declarations must have the same type.  Property 'onopen' must be of type '(this: WebSocket, ev: Event) => any', but here has type '() => void'.
node_modules/react-native/src/types/globals.d.ts(535,5): error TS2717: Subsequent property declarations must have the same type.  Property 'onmessage' must be of type '(this: WebSocket, ev: MessageEvent<any>) => any', but here has type '(event: WebSocketMessageEvent) => void'.
node_modules/react-native/src/types/globals.d.ts(536,5): error TS2717: Subsequent property declarations must have the same type.  Property 'onerror' must be of type '(this: WebSocket, ev: Event) => any', but here has type '(event: WebSocketErrorEvent) => void'.
node_modules/react-native/src/types/globals.d.ts(537,5): error TS2717: Subsequent property declarations must have the same type.  Property 'onclose' must be of type '(this: WebSocket, ev: CloseEvent) => any', but here has type '(event: WebSocketCloseEvent) => void'.
node_modules/react-native/src/types/globals.d.ts(538,5): error TS2717: Subsequent property declarations must have the same type.  Property 'addEventListener' must be of type '{ <K extends keyof WebSocketEventMap>(type: K, listener: (this: WebSocket, ev: WebSocketEventMap[K]) => any, options?: boolean | AddEventListenerOptions): void; (type: string, listener: EventListenerOrEventListenerObject, options?: boolean | AddEventListenerOptions): void; }', but here has type 'WebsocketEventListener'.
node_modules/react-native/src/types/globals.d.ts(539,5): error TS2717: Subsequent property declarations must have the same type.  Property 'removeEventListener' must be of type '{ <K extends keyof WebSocketEventMap>(type: K, listener: (this: WebSocket, ev: WebSocketEventMap[K]) => any, options?: boolean | EventListenerOptions): void; (type: string, listener: EventListenerOrEventListenerObject, options?: boolean | EventListenerOptions): void; }', but here has type 'WebsocketEventListener'.
node_modules/react-native/src/types/globals.d.ts(542,7): error TS2403: Subsequent variable declarations must have the same type.  Variable 'WebSocket' must be of type '{ new (url: string | URL, protocols?: string | string[]): WebSocket; prototype: WebSocket; readonly CONNECTING: 0; readonly OPEN: 1; readonly CLOSING: 2; readonly CLOSED: 3; }', but here has type '{ new (uri: string, protocols?: string | string[], options?: { [optionName: string]: any; headers: { [headerName: string]: string; }; }): WebSocket; prototype: WebSocket; readonly CLOSED: number; readonly CLOSING: number; readonly CONNECTING: number; readonly OPEN: number; }'.
node_modules/react-native/src/types/globals.d.ts(627,14): error TS2717: Subsequent property declarations must have the same type.  Property 'error' must be of type 'DOMException', but here has type 'Error'.
node_modules/react-native/src/types/globals.d.ts(640,14): error TS2717: Subsequent property declarations must have the same type.  Property 'readyState' must be of type '0 | 2 | 1', but here has type 'number'.
node_modules/typescript/lib/lib.dom.d.ts(23,1): error TS6200: Definitions of the following identifiers conflict with those in another file: EndingType, BlobPart, BufferSource, FormData, RequestInfo, XMLHttpRequestResponseType, AbortSignal, AbortController
node_modules/typescript/lib/lib.dom.d.ts(32640,11): error TS2430: Interface 'URL' incorrectly extends interface 'import("node:url").URL'.
  The types returned by 'searchParams[Symbol.iterator]()' are incompatible between these types.
    Property '[Symbol.dispose]' is missing in type 'IterableIterator<[string, string]>' but required in type 'URLSearchParamsIterator<[string, string]>'.
node_modules/typescript/lib/lib.dom.d.ts(32759,11): error TS2430: Interface 'URLSearchParams' incorrectly extends interface 'import("node:url").URLSearchParams'.
  The types returned by '[Symbol.iterator]()' are incompatible between these types.
    Property '[Symbol.dispose]' is missing in type 'IterableIterator<[string, string]>' but required in type 'URLSearchParamsIterator<[string, string]>'.
